<?xml version="1.0" encoding="UTF-8"?>
<testsuite name="com.ekart.springbootjetty.sample.apis.controller.EmployeeControllerTest" tests="1" skipped="0" failures="0" errors="0" timestamp="2017-01-09T20:26:11" hostname="MT-C02G611MDRJJ.local" time="0.029">
  <properties/>
  <testcase name="whenFindOneReturnsNonNullObject" classname="com.ekart.springbootjetty.sample.apis.controller.EmployeeControllerTest" time="0.029"/>
  <system-out><![CDATA[]]></system-out>
  <system-err><![CDATA[]]></system-err>
</testsuite>
